<?xml version="1.0" encoding="UTF-8"?>
<!-- Generated by org.testng.reporters.JUnitXMLReporter -->
<testsuite hostname="dotnet07-PC" ignored="0" name="Default test" tests="1" failures="1" timestamp="30 Aug 2018 04:55:07 GMT" time="10.432" errors="0">
  <testcase name="verifyLotEntry" time="0.218" classname="thingblu.TestsCasesManager.Mngr_AddNewLotEntry">
    <failure type="org.testng.internal.reflect.MethodMatcherException" message="
Data provider mismatch
Method: verifyLotEntry([Parameter{index=0, type=java.lang.String, declaredAnnotations=[]}, Parameter{index=1, type=java.lang.String, declaredAnnotations=[]}, Parameter{index=2, type=double, declaredAnnotations=[]}, Parameter{index=3, type=double, declaredAnnotations=[]}, Parameter{index=4, type=double, declaredAnnotations=[]}, Parameter{index=5, type=double, declaredAnnotations=[]}, Parameter{index=6, type=double, declaredAnnotations=[]}, Parameter{index=7, type=java.lang.String, declaredAnnotations=[]}, Parameter{index=8, type=java.lang.String, declaredAnnotations=[]}, Parameter{index=9, type=java.lang.String, declaredAnnotations=[]}, Parameter{index=10, type=java.lang.String, declaredAnnotations=[]}, Parameter{index=11, type=java.lang.String, declaredAnnotations=[]}])
Arguments: [(java.lang.String) Dawg Star,(java.lang.String) 3-Pac,(java.lang.String) LOT-45452,(java.lang.String) Bud Material,(java.lang.String) 500,(java.lang.String) 200,(java.lang.String) 300]">
      <![CDATA[org.testng.internal.reflect.MethodMatcherException: 
Data provider mismatch
Method: verifyLotEntry([Parameter{index=0, type=java.lang.String, declaredAnnotations=[]}, Parameter{index=1, type=java.lang.String, declaredAnnotations=[]}, Parameter{index=2, type=double, declaredAnnotations=[]}, Parameter{index=3, type=double, declaredAnnotations=[]}, Parameter{index=4, type=double, declaredAnnotations=[]}, Parameter{index=5, type=double, declaredAnnotations=[]}, Parameter{index=6, type=double, declaredAnnotations=[]}, Parameter{index=7, type=java.lang.String, declaredAnnotations=[]}, Parameter{index=8, type=java.lang.String, declaredAnnotations=[]}, Parameter{index=9, type=java.lang.String, declaredAnnotations=[]}, Parameter{index=10, type=java.lang.String, declaredAnnotations=[]}, Parameter{index=11, type=java.lang.String, declaredAnnotations=[]}])
Arguments: [(java.lang.String) Dawg Star,(java.lang.String) 3-Pac,(java.lang.String) LOT-45452,(java.lang.String) Bud Material,(java.lang.String) 500,(java.lang.String) 200,(java.lang.String) 300]
at org.testng.internal.reflect.DataProviderMethodMatcher.getConformingArguments(DataProviderMethodMatcher.java:45)
at org.testng.internal.Parameters.injectParameters(Parameters.java:796)
at org.testng.internal.Invoker.invokeTestMethods(Invoker.java:982)
at org.testng.internal.TestMethodWorker.invokeTestMethods(TestMethodWorker.java:125)
at org.testng.internal.TestMethodWorker.run(TestMethodWorker.java:109)
at org.testng.TestRunner.privateRun(TestRunner.java:648)
at org.testng.TestRunner.run(TestRunner.java:505)
at org.testng.SuiteRunner.runTest(SuiteRunner.java:455)
at org.testng.SuiteRunner.runSequentially(SuiteRunner.java:450)
at org.testng.SuiteRunner.privateRun(SuiteRunner.java:415)
at org.testng.SuiteRunner.run(SuiteRunner.java:364)
at org.testng.SuiteRunnerWorker.runSuite(SuiteRunnerWorker.java:52)
at org.testng.SuiteRunnerWorker.run(SuiteRunnerWorker.java:84)
at org.testng.TestNG.runSuitesSequentially(TestNG.java:1208)
at org.testng.TestNG.runSuitesLocally(TestNG.java:1137)
at org.testng.TestNG.runSuites(TestNG.java:1049)
at org.testng.TestNG.run(TestNG.java:1017)
at org.testng.remote.AbstractRemoteTestNG.run(AbstractRemoteTestNG.java:114)
at org.testng.remote.RemoteTestNG.initAndRun(RemoteTestNG.java:251)
at org.testng.remote.RemoteTestNG.main(RemoteTestNG.java:77)
]]>
    </failure>
  </testcase> <!-- verifyLotEntry -->
</testsuite> <!-- Default test -->
