<?xml version="1.0" encoding="UTF-8"?>
<testng-results skipped="0" failed="0" ignored="0" total="1" passed="1">
  <reporter-output>
  </reporter-output>
  <suite name="Default suite" duration-ms="494" started-at="2018-06-29T12:50:07Z" finished-at="2018-06-29T12:50:08Z">
    <groups>
    </groups>
    <test name="Default test" duration-ms="494" started-at="2018-06-29T12:50:07Z" finished-at="2018-06-29T12:50:08Z">
      <class name="thingblu.utility.DBConnect">
        <test-method status="PASS" signature="test()[pri:0, instance:thingblu.utility.DBConnect@4678c730]" name="test" duration-ms="472" started-at="2018-06-29T18:20:07Z" finished-at="2018-06-29T18:20:08Z">
          <reporter-output>
          </reporter-output>
        </test-method> <!-- test -->
      </class> <!-- thingblu.utility.DBConnect -->
    </test> <!-- Default test -->
  </suite> <!-- Default suite -->
</testng-results>
